


ARM Macro Assembler    Page 1 


    1 00000000         ;*******************************************************
                       ************************
    2 00000000         ;* File Name          : startup_stm32f410rx.s
    3 00000000         ;* Author             : MCD Application Team
    4 00000000         ;* Description        : STM32F410Rx devices vector table
                        for MDK-ARM toolchain. 
    5 00000000         ;*                      This module performs:
    6 00000000         ;*                      - Set the initial SP
    7 00000000         ;*                      - Set the initial PC == Reset_Ha
                       ndler
    8 00000000         ;*                      - Set the vector table entries w
                       ith the exceptions ISR address
    9 00000000         ;*                      - Branches to __main in the C li
                       brary (which eventually
   10 00000000         ;*                        calls main()).
   11 00000000         ;*                      After Reset the CortexM4 process
                       or is in Thread mode,
   12 00000000         ;*                      priority is Privileged, and the 
                       Stack is set to Main.
   13 00000000         ;*******************************************************
                       *************************
   14 00000000         ;* @attention
   15 00000000         ;*
   16 00000000         ;* <h2><center>&copy; Copyright (c) 2017 STMicroelectron
                       ics.
   17 00000000         ;* All rights reserved.</center></h2>
   18 00000000         ;*
   19 00000000         ;* This software component is licensed by ST under BSD 3
                       -Clause license,
   20 00000000         ;* the "License"; You may not use this file except in co
                       mpliance with the
   21 00000000         ;* License. You may obtain a copy of the License at:
   22 00000000         ;*                        opensource.org/licenses/BSD-3-
                       Clause
   23 00000000         ;*
   24 00000000         ;*******************************************************
                       ************************
   25 00000000         ;* <<< Use Configuration Wizard in Context Menu >>>
   26 00000000         ;
   27 00000000         ; Amount of memory (in bytes) allocated for Stack
   28 00000000         ; Tailor this value to your application needs
   29 00000000         ; <h> Stack Configuration
   30 00000000         ;   <o> Stack Size (in Bytes) <0x0-0xFFFFFFFF:8>
   31 00000000         ; </h>
   32 00000000         
   33 00000000 00000400 
                       Stack_Size
                               EQU              0x400
   34 00000000         
   35 00000000                 AREA             STACK, NOINIT, READWRITE, ALIGN
=3
   36 00000000         Stack_Mem
                               SPACE            Stack_Size
   37 00000400         __initial_sp
   38 00000400         
   39 00000400         
   40 00000400         ; <h> Heap Configuration
   41 00000400         ;   <o>  Heap Size (in Bytes) <0x0-0xFFFFFFFF:8>
   42 00000400         ; </h>



ARM Macro Assembler    Page 2 


   43 00000400         
   44 00000400 00000200 
                       Heap_Size
                               EQU              0x200
   45 00000400         
   46 00000400                 AREA             HEAP, NOINIT, READWRITE, ALIGN=
3
   47 00000000         __heap_base
   48 00000000         Heap_Mem
                               SPACE            Heap_Size
   49 00000200         __heap_limit
   50 00000200         
   51 00000200                 PRESERVE8
   52 00000200                 THUMB
   53 00000200         
   54 00000200         
   55 00000200         ; Vector Table Mapped to Address 0 at Reset
   56 00000200                 AREA             RESET, DATA, READONLY
   57 00000000                 EXPORT           __Vectors
   58 00000000                 EXPORT           __Vectors_End
   59 00000000                 EXPORT           __Vectors_Size
   60 00000000         
   61 00000000 00000000 
                       __Vectors
                               DCD              __initial_sp ; Top of Stack
   62 00000004 00000000        DCD              Reset_Handler ; Reset Handler
   63 00000008 00000000        DCD              NMI_Handler ; NMI Handler
   64 0000000C 00000000        DCD              HardFault_Handler ; Hard Fault 
                                                            Handler
   65 00000010 00000000        DCD              MemManage_Handler 
                                                            ; MPU Fault Handler
                                                            
   66 00000014 00000000        DCD              BusFault_Handler 
                                                            ; Bus Fault Handler
                                                            
   67 00000018 00000000        DCD              UsageFault_Handler ; Usage Faul
                                                            t Handler
   68 0000001C 00000000        DCD              0           ; Reserved
   69 00000020 00000000        DCD              0           ; Reserved
   70 00000024 00000000        DCD              0           ; Reserved
   71 00000028 00000000        DCD              0           ; Reserved
   72 0000002C 00000000        DCD              SVC_Handler ; SVCall Handler
   73 00000030 00000000        DCD              DebugMon_Handler ; Debug Monito
                                                            r Handler
   74 00000034 00000000        DCD              0           ; Reserved
   75 00000038 00000000        DCD              PendSV_Handler ; PendSV Handler
                                                            
   76 0000003C 00000000        DCD              SysTick_Handler 
                                                            ; SysTick Handler
   77 00000040         
   78 00000040         ; External Interrupts
   79 00000040 00000000        DCD              WWDG_IRQHandler 
                                                            ; Window WatchDog
   80 00000044 00000000        DCD              PVD_IRQHandler ; PVD through EX
                                                            TI Line detection
   81 00000048 00000000        DCD              TAMP_STAMP_IRQHandler ; Tamper 
                                                            and TimeStamps thro
                                                            ugh the EXTI line
   82 0000004C 00000000        DCD              RTC_WKUP_IRQHandler ; RTC Wakeu



ARM Macro Assembler    Page 3 


                                                            p through the EXTI 
                                                            line
   83 00000050 00000000        DCD              FLASH_IRQHandler ; FLASH
   84 00000054 00000000        DCD              RCC_IRQHandler ; RCC
   85 00000058 00000000        DCD              EXTI0_IRQHandler ; EXTI Line0
   86 0000005C 00000000        DCD              EXTI1_IRQHandler ; EXTI Line1
   87 00000060 00000000        DCD              EXTI2_IRQHandler ; EXTI Line2
   88 00000064 00000000        DCD              EXTI3_IRQHandler ; EXTI Line3
   89 00000068 00000000        DCD              EXTI4_IRQHandler ; EXTI Line4
   90 0000006C 00000000        DCD              DMA1_Stream0_IRQHandler 
                                                            ; DMA1 Stream 0
   91 00000070 00000000        DCD              DMA1_Stream1_IRQHandler 
                                                            ; DMA1 Stream 1
   92 00000074 00000000        DCD              DMA1_Stream2_IRQHandler 
                                                            ; DMA1 Stream 2
   93 00000078 00000000        DCD              DMA1_Stream3_IRQHandler 
                                                            ; DMA1 Stream 3
   94 0000007C 00000000        DCD              DMA1_Stream4_IRQHandler 
                                                            ; DMA1 Stream 4
   95 00000080 00000000        DCD              DMA1_Stream5_IRQHandler 
                                                            ; DMA1 Stream 5
   96 00000084 00000000        DCD              DMA1_Stream6_IRQHandler 
                                                            ; DMA1 Stream 6
   97 00000088 00000000        DCD              ADC_IRQHandler ; ADC1, ADC2 and
                                                             ADC3s
   98 0000008C 00000000        DCD              0           ; Reserved
   99 00000090 00000000        DCD              0           ; Reserved
  100 00000094 00000000        DCD              0           ; Reserved
  101 00000098 00000000        DCD              0           ; Reserved
  102 0000009C 00000000        DCD              EXTI9_5_IRQHandler ; External L
                                                            ine[9:5]s
  103 000000A0 00000000        DCD              TIM1_BRK_TIM9_IRQHandler ; TIM1
                                                             Break and TIM9
  104 000000A4 00000000        DCD              TIM1_UP_IRQHandler 
                                                            ; TIM1 Update
  105 000000A8 00000000        DCD              TIM1_TRG_COM_TIM11_IRQHandler ;
                                                             TIM1 Trigger and C
                                                            ommutation and TIM1
                                                            1
  106 000000AC 00000000        DCD              TIM1_CC_IRQHandler ; TIM1 Captu
                                                            re Compare
  107 000000B0 00000000        DCD              0           ; Reserved
  108 000000B4 00000000        DCD              0           ; Reserved
  109 000000B8 00000000        DCD              0           ; Reserved
  110 000000BC 00000000        DCD              I2C1_EV_IRQHandler ; I2C1 Event
                                                            
  111 000000C0 00000000        DCD              I2C1_ER_IRQHandler ; I2C1 Error
                                                            
  112 000000C4 00000000        DCD              I2C2_EV_IRQHandler ; I2C2 Event
                                                            
  113 000000C8 00000000        DCD              I2C2_ER_IRQHandler ; I2C2 Error
                                                            
  114 000000CC 00000000        DCD              SPI1_IRQHandler ; SPI1
  115 000000D0 00000000        DCD              SPI2_IRQHandler ; SPI2
  116 000000D4 00000000        DCD              USART1_IRQHandler ; USART1
  117 000000D8 00000000        DCD              USART2_IRQHandler ; USART2
  118 000000DC 00000000        DCD              0           ; Reserved
  119 000000E0 00000000        DCD              EXTI15_10_IRQHandler ; External
                                                             Line[15:10]s



ARM Macro Assembler    Page 4 


  120 000000E4 00000000        DCD              RTC_Alarm_IRQHandler ; RTC Alar
                                                            m (A and B) through
                                                             EXTI Line
  121 000000E8 00000000        DCD              0           ; Reserved
  122 000000EC 00000000        DCD              0           ; Reserved
  123 000000F0 00000000        DCD              0           ; Reserved
  124 000000F4 00000000        DCD              0           ; Reserved
  125 000000F8 00000000        DCD              0           ; Reserved
  126 000000FC 00000000        DCD              DMA1_Stream7_IRQHandler 
                                                            ; DMA1 Stream7
  127 00000100 00000000        DCD              0           ; Reserved
  128 00000104 00000000        DCD              0           ; Reserved
  129 00000108 00000000        DCD              TIM5_IRQHandler ; TIM5
  130 0000010C 00000000        DCD              0           ; Reserved
  131 00000110 00000000        DCD              0           ; Reserved
  132 00000114 00000000        DCD              0           ; Reserved
  133 00000118 00000000        DCD              TIM6_DAC_IRQHandler 
                                                            ; TIM6 and DAC
  134 0000011C 00000000        DCD              0           ; Reserved
  135 00000120 00000000        DCD              DMA2_Stream0_IRQHandler 
                                                            ; DMA2 Stream 0
  136 00000124 00000000        DCD              DMA2_Stream1_IRQHandler 
                                                            ; DMA2 Stream 1
  137 00000128 00000000        DCD              DMA2_Stream2_IRQHandler 
                                                            ; DMA2 Stream 2
  138 0000012C 00000000        DCD              DMA2_Stream3_IRQHandler 
                                                            ; DMA2 Stream 3
  139 00000130 00000000        DCD              DMA2_Stream4_IRQHandler 
                                                            ; DMA2 Stream 4
  140 00000134 00000000        DCD              0           ; Reserved
  141 00000138 00000000        DCD              0           ; Reserved
  142 0000013C 00000000        DCD              0           ; Reserved
  143 00000140 00000000        DCD              0           ; Reserved
  144 00000144 00000000        DCD              0           ; Reserved
  145 00000148 00000000        DCD              0           ; Reserved
  146 0000014C 00000000        DCD              0           ; Reserved
  147 00000150 00000000        DCD              DMA2_Stream5_IRQHandler 
                                                            ; DMA2 Stream 5
  148 00000154 00000000        DCD              DMA2_Stream6_IRQHandler 
                                                            ; DMA2 Stream 6
  149 00000158 00000000        DCD              DMA2_Stream7_IRQHandler 
                                                            ; DMA2 Stream 7
  150 0000015C 00000000        DCD              USART6_IRQHandler ; USART6
  151 00000160 00000000        DCD              0           ; Reserved
  152 00000164 00000000        DCD              0           ; Reserved
  153 00000168 00000000        DCD              0           ; Reserved
  154 0000016C 00000000        DCD              0           ; Reserved
  155 00000170 00000000        DCD              0           ; Reserved
  156 00000174 00000000        DCD              0           ; Reserved
  157 00000178 00000000        DCD              0           ; Reserved
  158 0000017C 00000000        DCD              0           ; Reserved
  159 00000180 00000000        DCD              RNG_IRQHandler ; RNG
  160 00000184 00000000        DCD              FPU_IRQHandler ; FPU
  161 00000188 00000000        DCD              0           ; Reserved
  162 0000018C 00000000        DCD              0           ; Reserved
  163 00000190 00000000        DCD              0           ; Reserved
  164 00000194 00000000        DCD              SPI5_IRQHandler ; SPI5
  165 00000198 00000000        DCD              0           ; Reserved
  166 0000019C 00000000        DCD              0           ; Reserved



ARM Macro Assembler    Page 5 


  167 000001A0 00000000        DCD              0           ; Reserved
  168 000001A4 00000000        DCD              0           ; Reserved
  169 000001A8 00000000        DCD              0           ; Reserved
  170 000001AC 00000000        DCD              0           ; Reserved
  171 000001B0 00000000        DCD              0           ; Reserved
  172 000001B4 00000000        DCD              0           ; Reserved
  173 000001B8 00000000        DCD              0           ; Reserved
  174 000001BC 00000000        DCD              FMPI2C1_EV_IRQHandler 
                                                            ; FMPI2C1 Event
  175 000001C0 00000000        DCD              FMPI2C1_ER_IRQHandler 
                                                            ; FMPI2C1 Error
  176 000001C4 00000000        DCD              LPTIM1_IRQHandler ; LP TIM1
  177 000001C8         
  178 000001C8         __Vectors_End
  179 000001C8         
  180 000001C8 000001C8 
                       __Vectors_Size
                               EQU              __Vectors_End - __Vectors
  181 000001C8         
  182 000001C8                 AREA             |.text|, CODE, READONLY
  183 00000000         
  184 00000000         ; Reset handler
  185 00000000         Reset_Handler
                               PROC
  186 00000000                 EXPORT           Reset_Handler             [WEAK
]
  187 00000000                 IMPORT           SystemInit
  188 00000000                 IMPORT           __main
  189 00000000         
  190 00000000 4806            LDR              R0, =SystemInit
  191 00000002 4780            BLX              R0
  192 00000004 4806            LDR              R0, =__main
  193 00000006 4700            BX               R0
  194 00000008                 ENDP
  195 00000008         
  196 00000008         ; Dummy Exception Handlers (infinite loops which can be 
                       modified)
  197 00000008         
  198 00000008         NMI_Handler
                               PROC
  199 00000008                 EXPORT           NMI_Handler                [WEA
K]
  200 00000008 E7FE            B                .
  201 0000000A                 ENDP
  203 0000000A         HardFault_Handler
                               PROC
  204 0000000A                 EXPORT           HardFault_Handler          [WEA
K]
  205 0000000A E7FE            B                .
  206 0000000C                 ENDP
  208 0000000C         MemManage_Handler
                               PROC
  209 0000000C                 EXPORT           MemManage_Handler          [WEA
K]
  210 0000000C E7FE            B                .
  211 0000000E                 ENDP
  213 0000000E         BusFault_Handler
                               PROC
  214 0000000E                 EXPORT           BusFault_Handler           [WEA



ARM Macro Assembler    Page 6 


K]
  215 0000000E E7FE            B                .
  216 00000010                 ENDP
  218 00000010         UsageFault_Handler
                               PROC
  219 00000010                 EXPORT           UsageFault_Handler         [WEA
K]
  220 00000010 E7FE            B                .
  221 00000012                 ENDP
  222 00000012         SVC_Handler
                               PROC
  223 00000012                 EXPORT           SVC_Handler                [WEA
K]
  224 00000012 E7FE            B                .
  225 00000014                 ENDP
  227 00000014         DebugMon_Handler
                               PROC
  228 00000014                 EXPORT           DebugMon_Handler           [WEA
K]
  229 00000014 E7FE            B                .
  230 00000016                 ENDP
  231 00000016         PendSV_Handler
                               PROC
  232 00000016                 EXPORT           PendSV_Handler             [WEA
K]
  233 00000016 E7FE            B                .
  234 00000018                 ENDP
  235 00000018         SysTick_Handler
                               PROC
  236 00000018                 EXPORT           SysTick_Handler            [WEA
K]
  237 00000018 E7FE            B                .
  238 0000001A                 ENDP
  239 0000001A         
  240 0000001A         Default_Handler
                               PROC
  241 0000001A         
  242 0000001A                 EXPORT           WWDG_IRQHandler                
   [WEAK]
  243 0000001A                 EXPORT           PVD_IRQHandler                 
   [WEAK]
  244 0000001A                 EXPORT           TAMP_STAMP_IRQHandler          
   [WEAK]
  245 0000001A                 EXPORT           RTC_WKUP_IRQHandler            
   [WEAK]
  246 0000001A                 EXPORT           FLASH_IRQHandler               
   [WEAK]
  247 0000001A                 EXPORT           RCC_IRQHandler                 
   [WEAK]
  248 0000001A                 EXPORT           EXTI0_IRQHandler               
   [WEAK]
  249 0000001A                 EXPORT           EXTI1_IRQHandler               
   [WEAK]
  250 0000001A                 EXPORT           EXTI2_IRQHandler               
   [WEAK]
  251 0000001A                 EXPORT           EXTI3_IRQHandler               
   [WEAK]
  252 0000001A                 EXPORT           EXTI4_IRQHandler               
   [WEAK]



ARM Macro Assembler    Page 7 


  253 0000001A                 EXPORT           DMA1_Stream0_IRQHandler        
   [WEAK]
  254 0000001A                 EXPORT           DMA1_Stream1_IRQHandler        
   [WEAK]
  255 0000001A                 EXPORT           DMA1_Stream2_IRQHandler        
   [WEAK]
  256 0000001A                 EXPORT           DMA1_Stream3_IRQHandler        
   [WEAK]
  257 0000001A                 EXPORT           DMA1_Stream4_IRQHandler        
   [WEAK]
  258 0000001A                 EXPORT           DMA1_Stream5_IRQHandler        
   [WEAK]
  259 0000001A                 EXPORT           DMA1_Stream6_IRQHandler        
   [WEAK]
  260 0000001A                 EXPORT           ADC_IRQHandler                 
   [WEAK]
  261 0000001A                 EXPORT           EXTI9_5_IRQHandler             
   [WEAK]
  262 0000001A                 EXPORT           TIM1_BRK_TIM9_IRQHandler       
   [WEAK]
  263 0000001A                 EXPORT           TIM1_UP_IRQHandler             
   [WEAK]
  264 0000001A                 EXPORT           TIM1_TRG_COM_TIM11_IRQHandler  
   [WEAK]
  265 0000001A                 EXPORT           TIM1_CC_IRQHandler             
   [WEAK]
  266 0000001A                 EXPORT           I2C1_EV_IRQHandler             
   [WEAK]
  267 0000001A                 EXPORT           I2C1_ER_IRQHandler             
   [WEAK]
  268 0000001A                 EXPORT           I2C2_EV_IRQHandler             
   [WEAK]
  269 0000001A                 EXPORT           I2C2_ER_IRQHandler             
   [WEAK]
  270 0000001A                 EXPORT           SPI1_IRQHandler                
   [WEAK]
  271 0000001A                 EXPORT           SPI2_IRQHandler                
   [WEAK]
  272 0000001A                 EXPORT           USART1_IRQHandler              
   [WEAK]
  273 0000001A                 EXPORT           USART2_IRQHandler              
   [WEAK]
  274 0000001A                 EXPORT           EXTI15_10_IRQHandler           
   [WEAK]
  275 0000001A                 EXPORT           RTC_Alarm_IRQHandler           
   [WEAK]
  276 0000001A                 EXPORT           DMA1_Stream7_IRQHandler        
   [WEAK]
  277 0000001A                 EXPORT           TIM5_IRQHandler                
   [WEAK]
  278 0000001A                 EXPORT           TIM6_DAC_IRQHandler            
   [WEAK]
  279 0000001A                 EXPORT           DMA2_Stream0_IRQHandler        
   [WEAK]
  280 0000001A                 EXPORT           DMA2_Stream1_IRQHandler        
   [WEAK]
  281 0000001A                 EXPORT           DMA2_Stream2_IRQHandler        
   [WEAK]
  282 0000001A                 EXPORT           DMA2_Stream3_IRQHandler        



ARM Macro Assembler    Page 8 


   [WEAK]
  283 0000001A                 EXPORT           DMA2_Stream4_IRQHandler        
   [WEAK]
  284 0000001A                 EXPORT           DMA2_Stream4_IRQHandler        
   [WEAK]
  285 0000001A                 EXPORT           DMA2_Stream5_IRQHandler        
   [WEAK]
  286 0000001A                 EXPORT           DMA2_Stream6_IRQHandler        
   [WEAK]
  287 0000001A                 EXPORT           DMA2_Stream7_IRQHandler        
   [WEAK]
  288 0000001A                 EXPORT           USART6_IRQHandler              
   [WEAK]
  289 0000001A                 EXPORT           RNG_IRQHandler                 
   [WEAK]
  290 0000001A                 EXPORT           FPU_IRQHandler                 
   [WEAK]
  291 0000001A                 EXPORT           SPI5_IRQHandler                
   [WEAK]
  292 0000001A                 EXPORT           FMPI2C1_EV_IRQHandler          
   [WEAK]
  293 0000001A                 EXPORT           FMPI2C1_ER_IRQHandler          
   [WEAK]
  294 0000001A                 EXPORT           LPTIM1_IRQHandler              
   [WEAK]
  295 0000001A         
  296 0000001A         WWDG_IRQHandler
  297 0000001A         PVD_IRQHandler
  298 0000001A         TAMP_STAMP_IRQHandler
  299 0000001A         RTC_WKUP_IRQHandler
  300 0000001A         FLASH_IRQHandler
  301 0000001A         RCC_IRQHandler
  302 0000001A         EXTI0_IRQHandler
  303 0000001A         EXTI1_IRQHandler
  304 0000001A         EXTI2_IRQHandler
  305 0000001A         EXTI3_IRQHandler
  306 0000001A         EXTI4_IRQHandler
  307 0000001A         DMA1_Stream0_IRQHandler
  308 0000001A         DMA1_Stream1_IRQHandler
  309 0000001A         DMA1_Stream2_IRQHandler
  310 0000001A         DMA1_Stream3_IRQHandler
  311 0000001A         DMA1_Stream4_IRQHandler
  312 0000001A         DMA1_Stream5_IRQHandler
  313 0000001A         DMA1_Stream6_IRQHandler
  314 0000001A         ADC_IRQHandler
  315 0000001A         EXTI9_5_IRQHandler
  316 0000001A         TIM1_BRK_TIM9_IRQHandler
  317 0000001A         TIM1_UP_IRQHandler
  318 0000001A         TIM1_TRG_COM_TIM11_IRQHandler
  319 0000001A         TIM1_CC_IRQHandler
  320 0000001A         I2C1_EV_IRQHandler
  321 0000001A         I2C1_ER_IRQHandler
  322 0000001A         I2C2_EV_IRQHandler
  323 0000001A         I2C2_ER_IRQHandler
  324 0000001A         SPI1_IRQHandler
  325 0000001A         SPI2_IRQHandler
  326 0000001A         USART1_IRQHandler
  327 0000001A         USART2_IRQHandler
  328 0000001A         EXTI15_10_IRQHandler



ARM Macro Assembler    Page 9 


  329 0000001A         RTC_Alarm_IRQHandler
  330 0000001A         DMA1_Stream7_IRQHandler
  331 0000001A         TIM5_IRQHandler
  332 0000001A         TIM6_DAC_IRQHandler
  333 0000001A         DMA2_Stream0_IRQHandler
  334 0000001A         DMA2_Stream1_IRQHandler
  335 0000001A         DMA2_Stream2_IRQHandler
  336 0000001A         DMA2_Stream3_IRQHandler
  337 0000001A         DMA2_Stream4_IRQHandler
  338 0000001A         DMA2_Stream5_IRQHandler
  339 0000001A         DMA2_Stream6_IRQHandler
  340 0000001A         DMA2_Stream7_IRQHandler
  341 0000001A         USART6_IRQHandler
  342 0000001A         RNG_IRQHandler
  343 0000001A         FPU_IRQHandler
  344 0000001A         SPI5_IRQHandler
  345 0000001A         FMPI2C1_EV_IRQHandler
  346 0000001A         FMPI2C1_ER_IRQHandler
  347 0000001A         LPTIM1_IRQHandler
  348 0000001A         
  349 0000001A E7FE            B                .
  350 0000001C         
  351 0000001C                 ENDP
  352 0000001C         
  353 0000001C                 ALIGN
  354 0000001C         
  355 0000001C         ;*******************************************************
                       ************************
  356 0000001C         ; User Stack and Heap initialization
  357 0000001C         ;*******************************************************
                       ************************
  358 0000001C                 IF               :DEF:__MICROLIB
  359 0000001C         
  360 0000001C                 EXPORT           __initial_sp
  361 0000001C                 EXPORT           __heap_base
  362 0000001C                 EXPORT           __heap_limit
  363 0000001C         
  364 0000001C                 ELSE
  379                          ENDIF
  380 0000001C         
  381 0000001C                 END
              00000000 
              00000000 
Command Line: --debug --xref --diag_suppress=9931 --cpu=Cortex-M4.fp.sp --apcs=
interwork --depend=stm32f410_flash\startup_stm32f410rx.d -ostm32f410_flash\star
tup_stm32f410rx.o -I.\RTE\_STM32F410_Flash -IC:\Users\bad_a\AppData\Local\Arm\P
acks\ARM\CMSIS\5.7.0\CMSIS\Core\Include -IC:\Users\bad_a\AppData\Local\Arm\Pack
s\Keil\STM32F4xx_DFP\2.13.0\Drivers\CMSIS\Device\ST\STM32F4xx\Include --predefi
ne="__MICROLIB SETA 1" --predefine="__UVISION_VERSION SETA 531" --predefine="_R
TE_ SETA 1" --predefine="STM32F410Rx SETA 1" --predefine="_RTE_ SETA 1" --list=
startup_stm32f410rx.lst startup_stm32f410rx.s



ARM Macro Assembler    Page 1 Alphabetic symbol ordering
Relocatable symbols

STACK 00000000

Symbol: STACK
   Definitions
      At line 35 in file startup_stm32f410rx.s
   Uses
      None
Comment: STACK unused
Stack_Mem 00000000

Symbol: Stack_Mem
   Definitions
      At line 36 in file startup_stm32f410rx.s
   Uses
      None
Comment: Stack_Mem unused
__initial_sp 00000400

Symbol: __initial_sp
   Definitions
      At line 37 in file startup_stm32f410rx.s
   Uses
      At line 61 in file startup_stm32f410rx.s
      At line 360 in file startup_stm32f410rx.s

3 symbols



ARM Macro Assembler    Page 1 Alphabetic symbol ordering
Relocatable symbols

HEAP 00000000

Symbol: HEAP
   Definitions
      At line 46 in file startup_stm32f410rx.s
   Uses
      None
Comment: HEAP unused
Heap_Mem 00000000

Symbol: Heap_Mem
   Definitions
      At line 48 in file startup_stm32f410rx.s
   Uses
      None
Comment: Heap_Mem unused
__heap_base 00000000

Symbol: __heap_base
   Definitions
      At line 47 in file startup_stm32f410rx.s
   Uses
      At line 361 in file startup_stm32f410rx.s
Comment: __heap_base used once
__heap_limit 00000200

Symbol: __heap_limit
   Definitions
      At line 49 in file startup_stm32f410rx.s
   Uses
      At line 362 in file startup_stm32f410rx.s
Comment: __heap_limit used once
4 symbols



ARM Macro Assembler    Page 1 Alphabetic symbol ordering
Relocatable symbols

RESET 00000000

Symbol: RESET
   Definitions
      At line 56 in file startup_stm32f410rx.s
   Uses
      None
Comment: RESET unused
__Vectors 00000000

Symbol: __Vectors
   Definitions
      At line 61 in file startup_stm32f410rx.s
   Uses
      At line 57 in file startup_stm32f410rx.s
      At line 180 in file startup_stm32f410rx.s

__Vectors_End 000001C8

Symbol: __Vectors_End
   Definitions
      At line 178 in file startup_stm32f410rx.s
   Uses
      At line 58 in file startup_stm32f410rx.s
      At line 180 in file startup_stm32f410rx.s

3 symbols



ARM Macro Assembler    Page 1 Alphabetic symbol ordering
Relocatable symbols

.text 00000000

Symbol: .text
   Definitions
      At line 182 in file startup_stm32f410rx.s
   Uses
      None
Comment: .text unused
ADC_IRQHandler 0000001A

Symbol: ADC_IRQHandler
   Definitions
      At line 314 in file startup_stm32f410rx.s
   Uses
      At line 97 in file startup_stm32f410rx.s
      At line 260 in file startup_stm32f410rx.s

BusFault_Handler 0000000E

Symbol: BusFault_Handler
   Definitions
      At line 213 in file startup_stm32f410rx.s
   Uses
      At line 66 in file startup_stm32f410rx.s
      At line 214 in file startup_stm32f410rx.s

DMA1_Stream0_IRQHandler 0000001A

Symbol: DMA1_Stream0_IRQHandler
   Definitions
      At line 307 in file startup_stm32f410rx.s
   Uses
      At line 90 in file startup_stm32f410rx.s
      At line 253 in file startup_stm32f410rx.s

DMA1_Stream1_IRQHandler 0000001A

Symbol: DMA1_Stream1_IRQHandler
   Definitions
      At line 308 in file startup_stm32f410rx.s
   Uses
      At line 91 in file startup_stm32f410rx.s
      At line 254 in file startup_stm32f410rx.s

DMA1_Stream2_IRQHandler 0000001A

Symbol: DMA1_Stream2_IRQHandler
   Definitions
      At line 309 in file startup_stm32f410rx.s
   Uses
      At line 92 in file startup_stm32f410rx.s
      At line 255 in file startup_stm32f410rx.s

DMA1_Stream3_IRQHandler 0000001A

Symbol: DMA1_Stream3_IRQHandler
   Definitions
      At line 310 in file startup_stm32f410rx.s
   Uses



ARM Macro Assembler    Page 2 Alphabetic symbol ordering
Relocatable symbols

      At line 93 in file startup_stm32f410rx.s
      At line 256 in file startup_stm32f410rx.s

DMA1_Stream4_IRQHandler 0000001A

Symbol: DMA1_Stream4_IRQHandler
   Definitions
      At line 311 in file startup_stm32f410rx.s
   Uses
      At line 94 in file startup_stm32f410rx.s
      At line 257 in file startup_stm32f410rx.s

DMA1_Stream5_IRQHandler 0000001A

Symbol: DMA1_Stream5_IRQHandler
   Definitions
      At line 312 in file startup_stm32f410rx.s
   Uses
      At line 95 in file startup_stm32f410rx.s
      At line 258 in file startup_stm32f410rx.s

DMA1_Stream6_IRQHandler 0000001A

Symbol: DMA1_Stream6_IRQHandler
   Definitions
      At line 313 in file startup_stm32f410rx.s
   Uses
      At line 96 in file startup_stm32f410rx.s
      At line 259 in file startup_stm32f410rx.s

DMA1_Stream7_IRQHandler 0000001A

Symbol: DMA1_Stream7_IRQHandler
   Definitions
      At line 330 in file startup_stm32f410rx.s
   Uses
      At line 126 in file startup_stm32f410rx.s
      At line 276 in file startup_stm32f410rx.s

DMA2_Stream0_IRQHandler 0000001A

Symbol: DMA2_Stream0_IRQHandler
   Definitions
      At line 333 in file startup_stm32f410rx.s
   Uses
      At line 135 in file startup_stm32f410rx.s
      At line 279 in file startup_stm32f410rx.s

DMA2_Stream1_IRQHandler 0000001A

Symbol: DMA2_Stream1_IRQHandler
   Definitions
      At line 334 in file startup_stm32f410rx.s
   Uses
      At line 136 in file startup_stm32f410rx.s
      At line 280 in file startup_stm32f410rx.s

DMA2_Stream2_IRQHandler 0000001A




ARM Macro Assembler    Page 3 Alphabetic symbol ordering
Relocatable symbols

Symbol: DMA2_Stream2_IRQHandler
   Definitions
      At line 335 in file startup_stm32f410rx.s
   Uses
      At line 137 in file startup_stm32f410rx.s
      At line 281 in file startup_stm32f410rx.s

DMA2_Stream3_IRQHandler 0000001A

Symbol: DMA2_Stream3_IRQHandler
   Definitions
      At line 336 in file startup_stm32f410rx.s
   Uses
      At line 138 in file startup_stm32f410rx.s
      At line 282 in file startup_stm32f410rx.s

DMA2_Stream4_IRQHandler 0000001A

Symbol: DMA2_Stream4_IRQHandler
   Definitions
      At line 337 in file startup_stm32f410rx.s
   Uses
      At line 139 in file startup_stm32f410rx.s
      At line 283 in file startup_stm32f410rx.s
      At line 284 in file startup_stm32f410rx.s

DMA2_Stream5_IRQHandler 0000001A

Symbol: DMA2_Stream5_IRQHandler
   Definitions
      At line 338 in file startup_stm32f410rx.s
   Uses
      At line 147 in file startup_stm32f410rx.s
      At line 285 in file startup_stm32f410rx.s

DMA2_Stream6_IRQHandler 0000001A

Symbol: DMA2_Stream6_IRQHandler
   Definitions
      At line 339 in file startup_stm32f410rx.s
   Uses
      At line 148 in file startup_stm32f410rx.s
      At line 286 in file startup_stm32f410rx.s

DMA2_Stream7_IRQHandler 0000001A

Symbol: DMA2_Stream7_IRQHandler
   Definitions
      At line 340 in file startup_stm32f410rx.s
   Uses
      At line 149 in file startup_stm32f410rx.s
      At line 287 in file startup_stm32f410rx.s

DebugMon_Handler 00000014

Symbol: DebugMon_Handler
   Definitions
      At line 227 in file startup_stm32f410rx.s
   Uses



ARM Macro Assembler    Page 4 Alphabetic symbol ordering
Relocatable symbols

      At line 73 in file startup_stm32f410rx.s
      At line 228 in file startup_stm32f410rx.s

Default_Handler 0000001A

Symbol: Default_Handler
   Definitions
      At line 240 in file startup_stm32f410rx.s
   Uses
      None
Comment: Default_Handler unused
EXTI0_IRQHandler 0000001A

Symbol: EXTI0_IRQHandler
   Definitions
      At line 302 in file startup_stm32f410rx.s
   Uses
      At line 85 in file startup_stm32f410rx.s
      At line 248 in file startup_stm32f410rx.s

EXTI15_10_IRQHandler 0000001A

Symbol: EXTI15_10_IRQHandler
   Definitions
      At line 328 in file startup_stm32f410rx.s
   Uses
      At line 119 in file startup_stm32f410rx.s
      At line 274 in file startup_stm32f410rx.s

EXTI1_IRQHandler 0000001A

Symbol: EXTI1_IRQHandler
   Definitions
      At line 303 in file startup_stm32f410rx.s
   Uses
      At line 86 in file startup_stm32f410rx.s
      At line 249 in file startup_stm32f410rx.s

EXTI2_IRQHandler 0000001A

Symbol: EXTI2_IRQHandler
   Definitions
      At line 304 in file startup_stm32f410rx.s
   Uses
      At line 87 in file startup_stm32f410rx.s
      At line 250 in file startup_stm32f410rx.s

EXTI3_IRQHandler 0000001A

Symbol: EXTI3_IRQHandler
   Definitions
      At line 305 in file startup_stm32f410rx.s
   Uses
      At line 88 in file startup_stm32f410rx.s
      At line 251 in file startup_stm32f410rx.s

EXTI4_IRQHandler 0000001A

Symbol: EXTI4_IRQHandler



ARM Macro Assembler    Page 5 Alphabetic symbol ordering
Relocatable symbols

   Definitions
      At line 306 in file startup_stm32f410rx.s
   Uses
      At line 89 in file startup_stm32f410rx.s
      At line 252 in file startup_stm32f410rx.s

EXTI9_5_IRQHandler 0000001A

Symbol: EXTI9_5_IRQHandler
   Definitions
      At line 315 in file startup_stm32f410rx.s
   Uses
      At line 102 in file startup_stm32f410rx.s
      At line 261 in file startup_stm32f410rx.s

FLASH_IRQHandler 0000001A

Symbol: FLASH_IRQHandler
   Definitions
      At line 300 in file startup_stm32f410rx.s
   Uses
      At line 83 in file startup_stm32f410rx.s
      At line 246 in file startup_stm32f410rx.s

FMPI2C1_ER_IRQHandler 0000001A

Symbol: FMPI2C1_ER_IRQHandler
   Definitions
      At line 346 in file startup_stm32f410rx.s
   Uses
      At line 175 in file startup_stm32f410rx.s
      At line 293 in file startup_stm32f410rx.s

FMPI2C1_EV_IRQHandler 0000001A

Symbol: FMPI2C1_EV_IRQHandler
   Definitions
      At line 345 in file startup_stm32f410rx.s
   Uses
      At line 174 in file startup_stm32f410rx.s
      At line 292 in file startup_stm32f410rx.s

FPU_IRQHandler 0000001A

Symbol: FPU_IRQHandler
   Definitions
      At line 343 in file startup_stm32f410rx.s
   Uses
      At line 160 in file startup_stm32f410rx.s
      At line 290 in file startup_stm32f410rx.s

HardFault_Handler 0000000A

Symbol: HardFault_Handler
   Definitions
      At line 203 in file startup_stm32f410rx.s
   Uses
      At line 64 in file startup_stm32f410rx.s
      At line 204 in file startup_stm32f410rx.s



ARM Macro Assembler    Page 6 Alphabetic symbol ordering
Relocatable symbols


I2C1_ER_IRQHandler 0000001A

Symbol: I2C1_ER_IRQHandler
   Definitions
      At line 321 in file startup_stm32f410rx.s
   Uses
      At line 111 in file startup_stm32f410rx.s
      At line 267 in file startup_stm32f410rx.s

I2C1_EV_IRQHandler 0000001A

Symbol: I2C1_EV_IRQHandler
   Definitions
      At line 320 in file startup_stm32f410rx.s
   Uses
      At line 110 in file startup_stm32f410rx.s
      At line 266 in file startup_stm32f410rx.s

I2C2_ER_IRQHandler 0000001A

Symbol: I2C2_ER_IRQHandler
   Definitions
      At line 323 in file startup_stm32f410rx.s
   Uses
      At line 113 in file startup_stm32f410rx.s
      At line 269 in file startup_stm32f410rx.s

I2C2_EV_IRQHandler 0000001A

Symbol: I2C2_EV_IRQHandler
   Definitions
      At line 322 in file startup_stm32f410rx.s
   Uses
      At line 112 in file startup_stm32f410rx.s
      At line 268 in file startup_stm32f410rx.s

LPTIM1_IRQHandler 0000001A

Symbol: LPTIM1_IRQHandler
   Definitions
      At line 347 in file startup_stm32f410rx.s
   Uses
      At line 176 in file startup_stm32f410rx.s
      At line 294 in file startup_stm32f410rx.s

MemManage_Handler 0000000C

Symbol: MemManage_Handler
   Definitions
      At line 208 in file startup_stm32f410rx.s
   Uses
      At line 65 in file startup_stm32f410rx.s
      At line 209 in file startup_stm32f410rx.s

NMI_Handler 00000008

Symbol: NMI_Handler
   Definitions



ARM Macro Assembler    Page 7 Alphabetic symbol ordering
Relocatable symbols

      At line 198 in file startup_stm32f410rx.s
   Uses
      At line 63 in file startup_stm32f410rx.s
      At line 199 in file startup_stm32f410rx.s

PVD_IRQHandler 0000001A

Symbol: PVD_IRQHandler
   Definitions
      At line 297 in file startup_stm32f410rx.s
   Uses
      At line 80 in file startup_stm32f410rx.s
      At line 243 in file startup_stm32f410rx.s

PendSV_Handler 00000016

Symbol: PendSV_Handler
   Definitions
      At line 231 in file startup_stm32f410rx.s
   Uses
      At line 75 in file startup_stm32f410rx.s
      At line 232 in file startup_stm32f410rx.s

RCC_IRQHandler 0000001A

Symbol: RCC_IRQHandler
   Definitions
      At line 301 in file startup_stm32f410rx.s
   Uses
      At line 84 in file startup_stm32f410rx.s
      At line 247 in file startup_stm32f410rx.s

RNG_IRQHandler 0000001A

Symbol: RNG_IRQHandler
   Definitions
      At line 342 in file startup_stm32f410rx.s
   Uses
      At line 159 in file startup_stm32f410rx.s
      At line 289 in file startup_stm32f410rx.s

RTC_Alarm_IRQHandler 0000001A

Symbol: RTC_Alarm_IRQHandler
   Definitions
      At line 329 in file startup_stm32f410rx.s
   Uses
      At line 120 in file startup_stm32f410rx.s
      At line 275 in file startup_stm32f410rx.s

RTC_WKUP_IRQHandler 0000001A

Symbol: RTC_WKUP_IRQHandler
   Definitions
      At line 299 in file startup_stm32f410rx.s
   Uses
      At line 82 in file startup_stm32f410rx.s
      At line 245 in file startup_stm32f410rx.s




ARM Macro Assembler    Page 8 Alphabetic symbol ordering
Relocatable symbols

Reset_Handler 00000000

Symbol: Reset_Handler
   Definitions
      At line 185 in file startup_stm32f410rx.s
   Uses
      At line 62 in file startup_stm32f410rx.s
      At line 186 in file startup_stm32f410rx.s

SPI1_IRQHandler 0000001A

Symbol: SPI1_IRQHandler
   Definitions
      At line 324 in file startup_stm32f410rx.s
   Uses
      At line 114 in file startup_stm32f410rx.s
      At line 270 in file startup_stm32f410rx.s

SPI2_IRQHandler 0000001A

Symbol: SPI2_IRQHandler
   Definitions
      At line 325 in file startup_stm32f410rx.s
   Uses
      At line 115 in file startup_stm32f410rx.s
      At line 271 in file startup_stm32f410rx.s

SPI5_IRQHandler 0000001A

Symbol: SPI5_IRQHandler
   Definitions
      At line 344 in file startup_stm32f410rx.s
   Uses
      At line 164 in file startup_stm32f410rx.s
      At line 291 in file startup_stm32f410rx.s

SVC_Handler 00000012

Symbol: SVC_Handler
   Definitions
      At line 222 in file startup_stm32f410rx.s
   Uses
      At line 72 in file startup_stm32f410rx.s
      At line 223 in file startup_stm32f410rx.s

SysTick_Handler 00000018

Symbol: SysTick_Handler
   Definitions
      At line 235 in file startup_stm32f410rx.s
   Uses
      At line 76 in file startup_stm32f410rx.s
      At line 236 in file startup_stm32f410rx.s

TAMP_STAMP_IRQHandler 0000001A

Symbol: TAMP_STAMP_IRQHandler
   Definitions
      At line 298 in file startup_stm32f410rx.s



ARM Macro Assembler    Page 9 Alphabetic symbol ordering
Relocatable symbols

   Uses
      At line 81 in file startup_stm32f410rx.s
      At line 244 in file startup_stm32f410rx.s

TIM1_BRK_TIM9_IRQHandler 0000001A

Symbol: TIM1_BRK_TIM9_IRQHandler
   Definitions
      At line 316 in file startup_stm32f410rx.s
   Uses
      At line 103 in file startup_stm32f410rx.s
      At line 262 in file startup_stm32f410rx.s

TIM1_CC_IRQHandler 0000001A

Symbol: TIM1_CC_IRQHandler
   Definitions
      At line 319 in file startup_stm32f410rx.s
   Uses
      At line 106 in file startup_stm32f410rx.s
      At line 265 in file startup_stm32f410rx.s

TIM1_TRG_COM_TIM11_IRQHandler 0000001A

Symbol: TIM1_TRG_COM_TIM11_IRQHandler
   Definitions
      At line 318 in file startup_stm32f410rx.s
   Uses
      At line 105 in file startup_stm32f410rx.s
      At line 264 in file startup_stm32f410rx.s

TIM1_UP_IRQHandler 0000001A

Symbol: TIM1_UP_IRQHandler
   Definitions
      At line 317 in file startup_stm32f410rx.s
   Uses
      At line 104 in file startup_stm32f410rx.s
      At line 263 in file startup_stm32f410rx.s

TIM5_IRQHandler 0000001A

Symbol: TIM5_IRQHandler
   Definitions
      At line 331 in file startup_stm32f410rx.s
   Uses
      At line 129 in file startup_stm32f410rx.s
      At line 277 in file startup_stm32f410rx.s

TIM6_DAC_IRQHandler 0000001A

Symbol: TIM6_DAC_IRQHandler
   Definitions
      At line 332 in file startup_stm32f410rx.s
   Uses
      At line 133 in file startup_stm32f410rx.s
      At line 278 in file startup_stm32f410rx.s

USART1_IRQHandler 0000001A



ARM Macro Assembler    Page 10 Alphabetic symbol ordering
Relocatable symbols


Symbol: USART1_IRQHandler
   Definitions
      At line 326 in file startup_stm32f410rx.s
   Uses
      At line 116 in file startup_stm32f410rx.s
      At line 272 in file startup_stm32f410rx.s

USART2_IRQHandler 0000001A

Symbol: USART2_IRQHandler
   Definitions
      At line 327 in file startup_stm32f410rx.s
   Uses
      At line 117 in file startup_stm32f410rx.s
      At line 273 in file startup_stm32f410rx.s

USART6_IRQHandler 0000001A

Symbol: USART6_IRQHandler
   Definitions
      At line 341 in file startup_stm32f410rx.s
   Uses
      At line 150 in file startup_stm32f410rx.s
      At line 288 in file startup_stm32f410rx.s

UsageFault_Handler 00000010

Symbol: UsageFault_Handler
   Definitions
      At line 218 in file startup_stm32f410rx.s
   Uses
      At line 67 in file startup_stm32f410rx.s
      At line 219 in file startup_stm32f410rx.s

WWDG_IRQHandler 0000001A

Symbol: WWDG_IRQHandler
   Definitions
      At line 296 in file startup_stm32f410rx.s
   Uses
      At line 79 in file startup_stm32f410rx.s
      At line 242 in file startup_stm32f410rx.s

64 symbols



ARM Macro Assembler    Page 1 Alphabetic symbol ordering
Absolute symbols

Heap_Size 00000200

Symbol: Heap_Size
   Definitions
      At line 44 in file startup_stm32f410rx.s
   Uses
      At line 48 in file startup_stm32f410rx.s
Comment: Heap_Size used once
Stack_Size 00000400

Symbol: Stack_Size
   Definitions
      At line 33 in file startup_stm32f410rx.s
   Uses
      At line 36 in file startup_stm32f410rx.s
Comment: Stack_Size used once
__Vectors_Size 000001C8

Symbol: __Vectors_Size
   Definitions
      At line 180 in file startup_stm32f410rx.s
   Uses
      At line 59 in file startup_stm32f410rx.s
Comment: __Vectors_Size used once
3 symbols



ARM Macro Assembler    Page 1 Alphabetic symbol ordering
External symbols

SystemInit 00000000

Symbol: SystemInit
   Definitions
      At line 187 in file startup_stm32f410rx.s
   Uses
      At line 190 in file startup_stm32f410rx.s
Comment: SystemInit used once
__main 00000000

Symbol: __main
   Definitions
      At line 188 in file startup_stm32f410rx.s
   Uses
      At line 192 in file startup_stm32f410rx.s
Comment: __main used once
2 symbols
416 symbols in table
